android/app/build/intermediates/manifest_merge_blame_file/release/manifest-merger-blame-release-report.txt
1<?xml version="1.0" encoding="utf-8"?>
2<manifest xmlns:android="http://schemas.android.com/apk/res/android"
3    package="com.thenewboston.wallet"
4    android:versionCode="1"
5    android:versionName="1.0" >
6
7    <uses-sdk
8        android:minSdkVersion="21"
8-->src\main\AndroidManifest.xml
9        android:targetSdkVersion="29" />
9-->src\main\AndroidManifest.xml
10
11    <uses-permission android:name="android.permission.INTERNET" />
11-->src\main\AndroidManifest.xml:4:3-65
11-->src\main\AndroidManifest.xml:4:20-62
12    <uses-permission android:name="android.permission.CAMERA" />
12-->src\main\AndroidManifest.xml:5:5-65
12-->src\main\AndroidManifest.xml:5:22-62
13    <uses-permission android:name="android.permission.RECORD_AUDIO" />
13-->src\main\AndroidManifest.xml:6:5-70
13-->src\main\AndroidManifest.xml:6:22-68
14    <uses-permission android:name="android.permission.READ_EXTERNAL_STORAGE" />
14-->src\main\AndroidManifest.xml:7:5-80
14-->src\main\AndroidManifest.xml:7:22-77
15    <uses-permission android:name="android.permission.WRITE_EXTERNAL_STORAGE" />
15-->src\main\AndroidManifest.xml:8:5-81
15-->src\main\AndroidManifest.xml:8:22-78
16    <uses-permission android:name="android.permission.USE_FINGERPRINT" />
16-->src\main\AndroidManifest.xml:9:5-74
16-->src\main\AndroidManifest.xml:9:22-71
17    <uses-permission android:name="android.permission.USE_BIOMETRIC" />
17-->src\main\AndroidManifest.xml:10:5-72
17-->src\main\AndroidManifest.xml:10:22-69
18    <uses-permission android:name="android.permission.RECEIVE_BOOT_COMPLETED" />
18-->src\main\AndroidManifest.xml:11:5-80
18-->src\main\AndroidManifest.xml:11:22-78
19    <uses-permission android:name="com.fingerprints.service.ACCESS_FINGERPRINT_MANAGER" />
19-->[:react-native-fingerprint-scanner] AndroidManifest.xml:13:5-91
19-->[:react-native-fingerprint-scanner] AndroidManifest.xml:13:22-88
20    <uses-permission android:name="com.samsung.android.providers.context.permission.WRITE_USE_APP_FEATURE_SURVEY" />
20-->[:react-native-fingerprint-scanner] AndroidManifest.xml:14:5-117
20-->[:react-native-fingerprint-scanner] AndroidManifest.xml:14:22-114
21
22    <application
22-->src\main\AndroidManifest.xml:13:5-50:19
23        android:name="com.thenewboston.wallet.MainApplication"
23-->src\main\AndroidManifest.xml:14:7-38
24        android:allowBackup="false"
24-->src\main\AndroidManifest.xml:18:7-34
25        android:appComponentFactory="androidx.core.app.CoreComponentFactory"
25-->[androidx.core:core:1.3.1] AndroidManifest.xml:24:18-86
26        android:icon="@mipmap/ic_launcher"
26-->src\main\AndroidManifest.xml:16:7-41
27        android:label="@string/app_name"
27-->src\main\AndroidManifest.xml:15:7-39
28        android:networkSecurityConfig="@xml/network_security_config"
28-->src\main\AndroidManifest.xml:19:7-67
29        android:roundIcon="@mipmap/ic_launcher_round"
29-->src\main\AndroidManifest.xml:17:7-52
30        android:theme="@style/AppTheme"
30-->src\main\AndroidManifest.xml:21:7-38
31        android:usesCleartextTraffic="true" >
31-->src\main\AndroidManifest.xml:20:7-42
32        <activity
32-->src\main\AndroidManifest.xml:22:7-49:18
33            android:name="com.thenewboston.wallet.MainActivity"
33-->src\main\AndroidManifest.xml:23:9-37
34            android:configChanges="keyboard|keyboardHidden|orientation|screenSize|uiMode"
34-->src\main\AndroidManifest.xml:25:9-86
35            android:label="@string/app_name"
35-->src\main\AndroidManifest.xml:24:9-41
36            android:launchMode="singleTask"
36-->src\main\AndroidManifest.xml:26:9-40
37            android:usesCleartextTraffic="true"
37-->src\main\AndroidManifest.xml:28:9-44
38            android:windowSoftInputMode="adjustResize" >
38-->src\main\AndroidManifest.xml:27:9-51
39            <intent-filter>
39-->src\main\AndroidManifest.xml:29:9-35:25
40                <data android:scheme="tncb" />
40-->src\main\AndroidManifest.xml:30:13-42
40-->src\main\AndroidManifest.xml:30:19-40
41                <data android:scheme="tncb.wallet" />
41-->src\main\AndroidManifest.xml:30:13-42
41-->src\main\AndroidManifest.xml:30:19-40
42
43                <action android:name="android.intent.action.VIEW" />
43-->src\main\AndroidManifest.xml:32:13-64
43-->src\main\AndroidManifest.xml:32:21-62
44
45                <category android:name="android.intent.category.DEFAULT" />
45-->src\main\AndroidManifest.xml:33:13-71
45-->src\main\AndroidManifest.xml:33:23-69
46                <category android:name="android.intent.category.BROWSABLE" />
46-->src\main\AndroidManifest.xml:34:13-73
46-->src\main\AndroidManifest.xml:34:23-71
47            </intent-filter>
48            <intent-filter>
48-->src\main\AndroidManifest.xml:36:9-39:25
49                <action android:name="android.intent.action.MAIN" />
49-->src\main\AndroidManifest.xml:37:13-65
49-->src\main\AndroidManifest.xml:37:21-62
50
51                <category android:name="android.intent.category.LAUNCHER" />
51-->src\main\AndroidManifest.xml:38:13-73
51-->src\main\AndroidManifest.xml:38:23-70
52            </intent-filter>
53            <intent-filter android:autoVerify="true" >
53-->src\main\AndroidManifest.xml:40:9-48:25
53-->src\main\AndroidManifest.xml:40:24-49
54                <action android:name="android.intent.action.VIEW" />
54-->src\main\AndroidManifest.xml:32:13-64
54-->src\main\AndroidManifest.xml:32:21-62
55
56                <category android:name="android.intent.category.DEFAULT" />
56-->src\main\AndroidManifest.xml:33:13-71
56-->src\main\AndroidManifest.xml:33:23-69
57                <category android:name="android.intent.category.BROWSABLE" />
57-->src\main\AndroidManifest.xml:34:13-73
57-->src\main\AndroidManifest.xml:34:23-71
58
59                <data
59-->src\main\AndroidManifest.xml:30:13-42
60                    android:host="54.183.16.194"
60-->src\main\AndroidManifest.xml:44:19-47
61                    android:path="/"
61-->src\main\AndroidManifest.xml:44:48-64
62                    android:scheme="https" />
62-->src\main\AndroidManifest.xml:30:19-40
63                <data
63-->src\main\AndroidManifest.xml:30:13-42
64                    android:host="54.183.16.194"
64-->src\main\AndroidManifest.xml:44:19-47
65                    android:path="/"
65-->src\main\AndroidManifest.xml:44:48-64
66                    android:scheme="http" />
66-->src\main\AndroidManifest.xml:30:19-40
67                <data
67-->src\main\AndroidManifest.xml:30:13-42
68                    android:host="54.219.183.128"
68-->src\main\AndroidManifest.xml:44:19-47
69                    android:path="/"
69-->src\main\AndroidManifest.xml:44:48-64
70                    android:scheme="https" />
70-->src\main\AndroidManifest.xml:30:19-40
71                <data
71-->src\main\AndroidManifest.xml:30:13-42
72                    android:host="54.219.183.128"
72-->src\main\AndroidManifest.xml:44:19-47
73                    android:path="/"
73-->src\main\AndroidManifest.xml:44:48-64
74                    android:scheme="http" />
74-->src\main\AndroidManifest.xml:30:19-40
75            </intent-filter>
76        </activity>
77
78        <provider
78-->[:react-native-image-picker] AndroidManifest.xml:12:9-20:20
79            android:name="com.imagepicker.ImagePickerProvider"
79-->[:react-native-image-picker] AndroidManifest.xml:13:13-63
80            android:authorities="com.thenewboston.wallet.imagepickerprovider"
80-->[:react-native-image-picker] AndroidManifest.xml:14:13-71
81            android:exported="false"
81-->[:react-native-image-picker] AndroidManifest.xml:15:13-37
82            android:grantUriPermissions="true" >
82-->[:react-native-image-picker] AndroidManifest.xml:16:13-47
83            <meta-data
83-->[:react-native-image-picker] AndroidManifest.xml:17:13-19:70
84                android:name="android.support.FILE_PROVIDER_PATHS"
84-->[:react-native-image-picker] AndroidManifest.xml:18:17-67
85                android:resource="@xml/imagepicker_provider_paths" />
85-->[:react-native-image-picker] AndroidManifest.xml:19:17-67
86        </provider>
87
88        <activity
88-->[androidx.biometric:biometric:1.0.1] AndroidManifest.xml:28:9-31:67
89            android:name="androidx.biometric.DeviceCredentialHandlerActivity"
89-->[androidx.biometric:biometric:1.0.1] AndroidManifest.xml:29:13-78
90            android:exported="true"
90-->[androidx.biometric:biometric:1.0.1] AndroidManifest.xml:30:13-36
91            android:theme="@style/DeviceCredentialHandlerTheme" />
91-->[androidx.biometric:biometric:1.0.1] AndroidManifest.xml:31:13-64
92    </application>
93
94</manifest>